0 info it worked if it ends with ok
1 verbose cli [ '/home/jens/.nvm/versions/node/v6.3.1/bin/node',
1 verbose cli   '/home/jens/.nvm/versions/node/v6.3.1/bin/npm',
1 verbose cli   'help',
1 verbose cli   'install' ]
2 info using npm@3.10.3
3 info using node@v6.3.1
4 verbose stack Error: spawn man ENOENT
4 verbose stack     at exports._errnoException (util.js:1012:11)
4 verbose stack     at Process.ChildProcess._handle.onexit (internal/child_process.js:182:32)
4 verbose stack     at onErrorNT (internal/child_process.js:348:16)
4 verbose stack     at _combinedTickCallback (internal/process/next_tick.js:74:11)
4 verbose stack     at process._tickCallback (internal/process/next_tick.js:98:9)
5 verbose cwd /home/jens/lively4/lively4-babel7
6 error Linux 4.19.104-microsoft-standard
7 error argv "/home/jens/.nvm/versions/node/v6.3.1/bin/node" "/home/jens/.nvm/versions/node/v6.3.1/bin/npm" "help" "install"
8 error node v6.3.1
9 error npm  v3.10.3
10 error file man
11 error path man
12 error code ENOENT
13 error errno ENOENT
14 error syscall spawn man
15 error enoent spawn man ENOENT
16 error enoent spawn man ENOENT
16 error enoent This is most likely not a problem with npm itself
16 error enoent and is related to npm not being able to find a file.
16 error enoent
16 error enoent Check if the file 'man' is present.
17 verbose exit [ 1, true ]
